<?xml version="1.0" encoding="UTF-8"?>
<!-- Generated by org.testng.reporters.JUnitReportReporter -->
<testsuite skipped="0" hostname="Nikhil" name="TestClass.TestCase1" tests="6" failures="0" timestamp="2022-07-17T11:10:50 IST" time="122.335" errors="0">
  <testcase name="VerifyTest" time="19.738" classname="TestClass.TestCase1"/>
  <system-out/>
  <testcase name="Title" time="20.108" classname="TestClass.TestCase1"/>
  <system-out/>
  <testcase name="ratingPoint" time="16.787" classname="TestClass.TestCase1"/>
  <system-out/>
  <testcase name="reviewPrint" time="19.915" classname="TestClass.TestCase1"/>
  <system-out/>
  <testcase name="VerifyLink" time="19.063" classname="TestClass.TestCase1"/>
  <system-out/>
  <testcase name="VerifyNumber" time="26.724" classname="TestClass.TestCase1"/>
  <system-out/>
</testsuite> <!-- TestClass.TestCase1 -->
